<?xml version="1.0" encoding="UTF-8"?>
<!-- Generated by org.testng.reporters.JUnitReportReporter -->
<testsuite hostname="LP-5CD1184GL8" failures="0" tests="1" name="Orderwithscreen" time="10.990" errors="0" timestamp="2021-07-20T17:16:33 IST" skipped="0">
  <testcase classname="Orderwithscreen" name="screenshotorder" time="10.990"/>
  <system-out/>
</testsuite> <!-- Orderwithscreen -->
