<?xml version="1.0" encoding="UTF-8"?>
<!-- Generated by org.testng.reporters.JUnitReportReporter -->
<testsuite hostname="LP-5CD1184GL8" failures="0" tests="1" name="Cookie" time="4.646" errors="0" timestamp="2021-07-24T15:12:51 IST" skipped="0">
  <testcase classname="Cookie" name="f" time="4.646"/>
  <system-out/>
</testsuite> <!-- Cookie -->
