<?xml version="1.0" encoding="UTF-8"?>
<!-- Generated by org.testng.reporters.JUnitReportReporter -->
<testsuite hostname="LP-5CD1184GL8" failures="0" tests="1" name="Functions.Pagefunction" time="7.909" errors="0" timestamp="2021-07-28T17:44:15 IST" skipped="0">
  <testcase classname="Functions.Pagefunction" name="f" time="7.909"/>
  <system-out/>
</testsuite> <!-- Functions.Pagefunction -->
