<?xml version="1.0" encoding="UTF-8"?>
<!-- Generated by org.testng.reporters.JUnitReportReporter -->
<testsuite hostname="LP-5CD1184GL8" failures="0" tests="1" name="Unorderwithscsh" time="6.620" errors="0" timestamp="2021-07-21T10:24:23 IST" skipped="0">
  <testcase classname="Unorderwithscsh" name="unoreder" time="6.620"/>
  <system-out/>
</testsuite> <!-- Unorderwithscsh -->
