<?xml version="1.0" encoding="UTF-8"?>
<!-- Generated by org.testng.reporters.JUnitReportReporter -->
<testsuite hostname="LP-5CD1184GL8" failures="0" tests="1" name="Functions.Fucntion" time="5.868" errors="0" timestamp="2021-07-24T16:44:52 IST" skipped="0">
  <testcase classname="Functions.Fucntion" name="email" time="5.868"/>
  <system-out/>
</testsuite> <!-- Functions.Fucntion -->
