<?xml version="1.0" encoding="UTF-8"?>
<!-- Generated by org.testng.reporters.JUnitReportReporter -->
<testsuite hostname="LP-5CD1184GL8" failures="0" tests="1" name="Webact" time="8.760" errors="0" timestamp="2021-07-20T10:19:44 IST" skipped="0">
  <testcase classname="Webact" name="action" time="8.760"/>
  <system-out/>
</testsuite> <!-- Webact -->
