<?xml version="1.0" encoding="UTF-8"?>
<!-- Generated by org.testng.reporters.JUnitReportReporter -->
<testsuite hostname="LP-5CD1184GL8" failures="0" tests="1" name="Test2" time="8.090" errors="0" timestamp="2021-07-20T15:47:34 IST" skipped="0">
  <testcase classname="Test2" name="screenshotorder" time="8.090"/>
  <system-out/>
</testsuite> <!-- Test2 -->
